<?xml version="1.0" encoding="UTF-8"?>
<!-- Generated by org.testng.reporters.JUnitXMLReporter -->
<testsuite ignored="1" hostname="Jhansi29" failures="0" tests="1" name="Testing_how_to_handle_Iframes" time="7.663" errors="0" timestamp="2025-03-11T14:06:19 IST">
  <testcase classname="com.test.qa.handling_Iframes" name="handling_Iframe_with_SwitchTo" time="3.276"/>
  <testcase classname="com.test.qa.handling_Iframes" name="handling_Iframe_without_SwitchTo" time="0.0">
    <ignored/>
  </testcase> <!-- handling_Iframe_without_SwitchTo -->
</testsuite> <!-- Testing_how_to_handle_Iframes -->
