<?xml version="1.0" encoding="UTF-8"?>
<!-- Generated by org.testng.reporters.JUnitXMLReporter -->
<testsuite ignored="0" hostname="Jhansi29" failures="0" tests="6" name="Default test" time="0.452" errors="0" timestamp="2025-04-04T13:17:56 IST">
  <testcase classname="com.test.qa.Parallel.Test01" name="TestMethod01" time="0.086"/>
  <testcase classname="com.test.qa.Parallel.Test01" name="TestMethod02" time="0.037"/>
  <testcase classname="com.test.qa.Parallel.Test01" name="TestMethod03" time="0.016"/>
  <testcase classname="com.test.qa.Parallel.Test01" name="TestMethod04" time="0.006"/>
  <testcase classname="com.test.qa.Parallel.Test01" name="TestMethod05" time="0.009"/>
  <testcase classname="com.test.qa.Parallel.Test01" name="TestMethod06" time="0.012"/>
</testsuite> <!-- Default test -->
