<?xml version="1.0" encoding="UTF-8"?>
<!-- Generated by org.testng.reporters.JUnitXMLReporter -->
<testsuite ignored="1" hostname="Jhansi29" failures="0" tests="3" name="Default test" time="34.79" errors="0" timestamp="2025-05-15T23:20:01 IST">
  <testcase classname="com.test.qa.JavaScriptExecutor.movetoelementandscrollup" name="TC2_MovetoElement" time="21.122"/>
  <testcase classname="com.test.qa.JavaScriptExecutor.movetoelementandscrollup" name="TC3_MovetoPageEnd" time="13.397"/>
  <testcase classname="com.test.qa.JavaScriptExecutor.movetoelementandscrollup" name="TC4_HandleAlert" time="0.006"/>
  <testcase classname="com.test.qa.JavaScriptExecutor.movetoelementandscrollup" name="TC1_ZoominZoomout" time="0.0">
    <ignored/>
  </testcase> <!-- TC1_ZoominZoomout -->
</testsuite> <!-- Default test -->
