<?xml version="1.0" encoding="UTF-8"?>
<!-- Generated by org.testng.reporters.JUnitXMLReporter -->
<testsuite ignored="0" hostname="Jhansi29" failures="0" tests="2" name="Testing_how_to_handle_Asserts" time="12.64" errors="0" timestamp="2025-03-09T01:54:06 IST">
  <testcase classname="com.test.qa.Assert_handling" name="Handling_Assertions_hard" time="5.642"/>
  <testcase classname="com.test.qa.Assert_handling" name="Handling_Assertions_soft" time="4.016"/>
</testsuite> <!-- Testing_how_to_handle_Asserts -->
