<?xml version="1.0" encoding="UTF-8"?>
<!-- Generated by org.testng.reporters.JUnitXMLReporter -->
<testsuite ignored="0" hostname="Jhansi29" failures="0" tests="6" name="Testing_parallel_execution_test3" time="0.711" errors="0" timestamp="2025-04-10T08:11:57 IST">
  <testcase classname="com.test.qa.Parallel.Test03" name="TestMethod10" time="0.123"/>
  <testcase classname="com.test.qa.Parallel.Test03" name="TestMethod11" time="0.045"/>
  <testcase classname="com.test.qa.Parallel.Test03" name="TestMethod12" time="0.063"/>
  <testcase classname="com.test.qa.Parallel.Test03" name="TestMethod13" time="0.094"/>
  <testcase classname="com.test.qa.Parallel.Test03" name="TestMethod14" time="0.006"/>
  <testcase classname="com.test.qa.Parallel.Test03" name="TestMethod15" time="0.007"/>
</testsuite> <!-- Testing_parallel_execution_test3 -->
