<?xml version="1.0" encoding="UTF-8"?>
<!-- Generated by org.testng.reporters.JUnitXMLReporter -->
<testsuite ignored="0" hostname="Jhansi29" failures="0" tests="6" name="Testing_parallel_execution_test2" time="0.079" errors="0" timestamp="2025-04-10T08:22:38 IST">
  <testcase classname="com.test.qa.Parallel.Test04" name="TestMethod16" time="0.005"/>
  <testcase classname="com.test.qa.Parallel.Test04" name="TestMethod17" time="0.012"/>
  <testcase classname="com.test.qa.Parallel.Test04" name="TestMethod18" time="0.004"/>
  <testcase classname="com.test.qa.Parallel.Test04" name="TestMethod19" time="0.004"/>
  <testcase classname="com.test.qa.Parallel.Test04" name="TestMethod20" time="0.004"/>
  <testcase classname="com.test.qa.Parallel.Test04" name="TestMethod21" time="0.005"/>
</testsuite> <!-- Testing_parallel_execution_test2 -->
