<?xml version="1.0" encoding="UTF-8"?>
<!-- Generated by org.testng.reporters.JUnitXMLReporter -->
<testsuite ignored="0" hostname="Jhansi29" failures="0" tests="3" name="Testing_parallel_execution_test2" time="0.47" errors="0" timestamp="2025-04-04T22:01:12 IST">
  <testcase classname="com.test.qa.Parallel.Test02" name="TestMethod07" time="0.133"/>
  <testcase classname="com.test.qa.Parallel.Test02" name="TestMethod08" time="0.008"/>
  <testcase classname="com.test.qa.Parallel.Test02" name="TestMethod09" time="0.02"/>
</testsuite> <!-- Testing_parallel_execution_test2 -->
