<?xml version="1.0" encoding="UTF-8"?>
<!-- Generated by org.testng.reporters.JUnitXMLReporter -->
<testsuite ignored="0" hostname="Jhansi29" failures="0" tests="6" name="Testing_parallel_execution_test1" time="0.579" errors="0" timestamp="2025-04-04T22:01:12 IST">
  <testcase classname="com.test.qa.Parallel.Test01" name="TestMethod01" time="0.133"/>
  <testcase classname="com.test.qa.Parallel.Test01" name="TestMethod02" time="0.027"/>
  <testcase classname="com.test.qa.Parallel.Test01" name="TestMethod03" time="0.022"/>
  <testcase classname="com.test.qa.Parallel.Test01" name="TestMethod04" time="0.014"/>
  <testcase classname="com.test.qa.Parallel.Test01" name="TestMethod05" time="0.015"/>
  <testcase classname="com.test.qa.Parallel.Test01" name="TestMethod06" time="0.007"/>
</testsuite> <!-- Testing_parallel_execution_test1 -->
