<?xml version="1.0" encoding="UTF-8"?>
<!-- Generated by org.testng.reporters.JUnitXMLReporter -->
<testsuite ignored="0" hostname="Jhansi29" failures="0" tests="15" name="Testing_parallel_execution_test1" time="0.63" errors="0" timestamp="2025-04-10T08:22:38 IST">
  <testcase classname="com.test.qa.Parallel.Test02" name="TestMethod07" time="0.119"/>
  <testcase classname="com.test.qa.Parallel.Test03" name="TestMethod10" time="0.117"/>
  <testcase classname="com.test.qa.Parallel.Test01" name="TestMethod01" time="0.118"/>
  <testcase classname="com.test.qa.Parallel.Test03" name="TestMethod11" time="0.011"/>
  <testcase classname="com.test.qa.Parallel.Test01" name="TestMethod02" time="0.016"/>
  <testcase classname="com.test.qa.Parallel.Test02" name="TestMethod08" time="0.051"/>
  <testcase classname="com.test.qa.Parallel.Test01" name="TestMethod03" time="0.011"/>
  <testcase classname="com.test.qa.Parallel.Test02" name="TestMethod09" time="0.011"/>
  <testcase classname="com.test.qa.Parallel.Test03" name="TestMethod12" time="0.097"/>
  <testcase classname="com.test.qa.Parallel.Test03" name="TestMethod13" time="0.007"/>
  <testcase classname="com.test.qa.Parallel.Test03" name="TestMethod14" time="0.006"/>
  <testcase classname="com.test.qa.Parallel.Test03" name="TestMethod15" time="0.006"/>
  <testcase classname="com.test.qa.Parallel.Test01" name="TestMethod04" time="0.045"/>
  <testcase classname="com.test.qa.Parallel.Test01" name="TestMethod05" time="0.021"/>
  <testcase classname="com.test.qa.Parallel.Test01" name="TestMethod06" time="0.016"/>
</testsuite> <!-- Testing_parallel_execution_test1 -->
