<?xml version="1.0" encoding="UTF-8"?>
<!-- Generated by org.testng.reporters.JUnitXMLReporter -->
<testsuite ignored="0" hostname="Jhansi29" failures="0" tests="6" name="Testing_parallel_run_with_DataProvider" time="131.74" errors="0" timestamp="2025-03-24T22:12:44 IST">
  <testcase classname="com.test.qa.Parallel.parallel_with_DP" name="testLogin_parallel" time="23.366"/>
  <testcase classname="com.test.qa.Parallel.parallel_with_DP" name="testLogin_parallel" time="21.682"/>
  <testcase classname="com.test.qa.Parallel.parallel_with_DP" name="testLogin_parallel" time="21.678"/>
  <testcase classname="com.test.qa.Parallel.parallel_with_DP" name="testLogin_parallel" time="20.523"/>
  <testcase classname="com.test.qa.Parallel.parallel_with_DP" name="testLogin_parallel" time="20.635"/>
  <testcase classname="com.test.qa.Parallel.parallel_with_DP" name="testLogin_parallel" time="20.023"/>
</testsuite> <!-- Testing_parallel_run_with_DataProvider -->
