<?xml version="1.0" encoding="UTF-8"?>
<!-- Generated by org.testng.reporters.JUnitXMLReporter -->
<testsuite ignored="0" hostname="Jhansi29" failures="0" tests="4" name="Test" time="0.319" errors="0" timestamp="2025-04-11T22:04:29 IST">
  <testcase classname="com.test.qa.retrylogic.TestRetryClass" name="testFailed" time="0.082"/>
  <testcase classname="com.test.qa.retrylogic.TestRetryClass" name="testMayFail" time="0.022">
    <skipped/>
  </testcase> <!-- testMayFail -->
  <testcase classname="com.test.qa.retrylogic.TestRetryClass" name="testMayFail" time="0.006"/>
  <testcase classname="com.test.qa.retrylogic.TestRetryClass" name="testPassed" time="0.006"/>
</testsuite> <!-- Test -->
