<?xml version="1.0" encoding="UTF-8"?>
<!-- Generated by org.testng.reporters.JUnitReportReporter -->
<testsuite hostname="Jhansi29" failures="0" tests="2" name="com.test.qa.handling_alerts" time="8.458" errors="0" timestamp="2025-03-07T00:50:57 IST" skipped="0">
  <testcase classname="com.test.qa.handling_alerts" name="Handling_SimpleAlert_withEplicitWait" time="3.173"/>
  <system-out/>
  <testcase classname="com.test.qa.handling_alerts" name="Handling_SimpleAlert" time="5.285"/>
  <system-out/>
</testsuite> <!-- com.test.qa.handling_alerts -->
