<?xml version="1.0" encoding="UTF-8"?>
<!-- Generated by org.testng.reporters.JUnitXMLReporter -->
<testsuite ignored="0" hostname="Jhansi29" failures="1" tests="8" name="Handling Test using groups" time="0.344" errors="0" timestamp="2025-03-20T20:01:17 IST">
  <testcase classname="com.test.qa.tests.GroupDependency_testNG_ex_02" name="Test1" time="0.08">
    <failure type="java.lang.ArithmeticException" message="/ by zero">
      <![CDATA[java.lang.ArithmeticException: / by zero
at com.test.qa.tests.GroupDependency_testNG_ex_02.Test1(GroupDependency_testNG_ex_02.java:10)
at java.base/java.util.ArrayList.forEach(ArrayList.java:1596)
... Removed 25 stack frames]]>
    </failure>
  </testcase> <!-- Test1 -->
  <testcase classname="com.test.qa.tests.GroupDependency_testNG_ex_02" name="Test2" time="0.006"/>
  <testcase classname="com.test.qa.tests.GroupDependency_testNG_ex_02" name="Test5" time="0.005"/>
  <testcase classname="com.test.qa.tests.GroupDependency_testNG_ex_02" name="Test7" time="0.007"/>
  <testcase classname="com.test.qa.tests.GroupDependency_testNG_ex_02" name="Test3" time="0.0">
    <skipped/>
  </testcase> <!-- Test3 -->
  <testcase classname="com.test.qa.tests.GroupDependency_testNG_ex_02" name="Test4" time="0.0">
    <skipped/>
  </testcase> <!-- Test4 -->
  <testcase classname="com.test.qa.tests.GroupDependency_testNG_ex_02" name="Test6" time="0.0">
    <skipped/>
  </testcase> <!-- Test6 -->
  <testcase classname="com.test.qa.tests.GroupDependency_testNG_ex_02" name="Test0" time="0.0">
    <skipped/>
  </testcase> <!-- Test0 -->
</testsuite> <!-- Handling Test using groups -->
