<?xml version="1.0" encoding="UTF-8"?>
<testng-results ignored="0" total="2" passed="2" failed="0" skipped="0">
  <reporter-output>
  </reporter-output>
  <suite started-at="2025-03-09T01:53:53 IST" name="Handling_Asserts" finished-at="2025-03-09T01:54:06 IST" duration-ms="12640">
    <groups>
    </groups>
    <test started-at="2025-03-09T01:53:53 IST" name="Testing_how_to_handle_Asserts" finished-at="2025-03-09T01:54:06 IST" duration-ms="12640">
      <class name="com.test.qa.Assert_handling">
        <test-method is-config="true" signature="OpenBrowser()[pri:0, instance:com.test.qa.Assert_handling@536f2a7e]" started-at="2025-03-09T01:53:53 IST" name="OpenBrowser" finished-at="2025-03-09T01:53:56 IST" duration-ms="2344" status="PASS">
          <reporter-output>
          </reporter-output>
        </test-method> <!-- OpenBrowser -->
        <test-method signature="Handling_Assertions_hard()[pri:0, instance:com.test.qa.Assert_handling@536f2a7e]" started-at="2025-03-09T01:53:56 IST" name="Handling_Assertions_hard" finished-at="2025-03-09T01:54:01 IST" duration-ms="5642" status="PASS">
          <reporter-output>
          </reporter-output>
        </test-method> <!-- Handling_Assertions_hard -->
        <test-method signature="Handling_Assertions_soft()[pri:0, instance:com.test.qa.Assert_handling@536f2a7e]" started-at="2025-03-09T01:54:02 IST" name="Handling_Assertions_soft" finished-at="2025-03-09T01:54:06 IST" duration-ms="4016" status="PASS">
          <reporter-output>
          </reporter-output>
        </test-method> <!-- Handling_Assertions_soft -->
        <test-method is-config="true" signature="Close_Browser()[pri:0, instance:com.test.qa.Assert_handling@536f2a7e]" started-at="2025-03-09T01:54:06 IST" name="Close_Browser" finished-at="2025-03-09T01:54:06 IST" duration-ms="302" status="PASS">
          <reporter-output>
          </reporter-output>
        </test-method> <!-- Close_Browser -->
      </class> <!-- com.test.qa.Assert_handling -->
    </test> <!-- Testing_how_to_handle_Asserts -->
  </suite> <!-- Handling_Asserts -->
</testng-results>
