<?xml version="1.0" encoding="UTF-8"?>
<testng-results ignored="0" total="2" passed="2" failed="0" skipped="0">
  <reporter-output>
  </reporter-output>
  <suite started-at="2025-03-10T15:57:38 IST" name="Default suite" finished-at="2025-03-10T15:58:06 IST" duration-ms="28092">
    <groups>
    </groups>
    <test started-at="2025-03-10T15:57:38 IST" name="Default test" finished-at="2025-03-10T15:58:06 IST" duration-ms="28092">
      <class name="com.test.qa.all_actions_class_handlings">
        <test-method is-config="true" signature="openBrowser()[pri:0, instance:com.test.qa.all_actions_class_handlings@536f2a7e]" started-at="2025-03-10T15:57:38 IST" name="openBrowser" finished-at="2025-03-10T15:57:41 IST" duration-ms="2644" status="PASS">
          <reporter-output>
          </reporter-output>
        </test-method> <!-- openBrowser -->
        <test-method signature="test_actions()[pri:0, instance:com.test.qa.all_actions_class_handlings@536f2a7e]" started-at="2025-03-10T15:57:41 IST" name="test_actions" finished-at="2025-03-10T15:57:55 IST" duration-ms="14153" status="PASS">
          <reporter-output>
          </reporter-output>
        </test-method> <!-- test_actions -->
        <test-method signature="test_actions_p2()[pri:0, instance:com.test.qa.all_actions_class_handlings@536f2a7e]" started-at="2025-03-10T15:57:55 IST" name="test_actions_p2" finished-at="2025-03-10T15:58:01 IST" duration-ms="6505" status="PASS">
          <reporter-output>
          </reporter-output>
        </test-method> <!-- test_actions_p2 -->
        <test-method is-config="true" signature="closeBrowser()[pri:0, instance:com.test.qa.all_actions_class_handlings@536f2a7e]" started-at="2025-03-10T15:58:01 IST" name="closeBrowser" finished-at="2025-03-10T15:58:06 IST" duration-ms="4578" status="PASS">
          <reporter-output>
          </reporter-output>
        </test-method> <!-- closeBrowser -->
      </class> <!-- com.test.qa.all_actions_class_handlings -->
    </test> <!-- Default test -->
  </suite> <!-- Default suite -->
</testng-results>
