<?xml version="1.0" encoding="UTF-8"?>
<!-- Generated by org.testng.reporters.JUnitXMLReporter -->
<testsuite ignored="0" hostname="Jhansi29" failures="0" tests="4" name="Annotaions testing test" time="0.456" errors="0" timestamp="2025-04-13T09:18:41 IST">
  <testcase classname="com.test.qa.Annotations.AnnotationsTestingClass1" name="Test1" time="0.084"/>
  <testcase classname="com.test.qa.Annotations.AnnotationsTestingClass1" name="Test2" time="0.005"/>
  <testcase classname="com.test.qa.Annotations.AnnotationsTestingClass2" name="Test3" time="0.006"/>
  <testcase classname="com.test.qa.Annotations.AnnotationsTestingClass2" name="Test4" time="0.007"/>
</testsuite> <!-- Annotaions testing test -->
