<?xml version="1.0" encoding="UTF-8"?>
<testng-results ignored="0" total="3" passed="3" failed="0" skipped="0">
  <reporter-output>
  </reporter-output>
  <suite started-at="2025-04-16T16:16:26 IST" name="Default suite" finished-at="2025-04-16T16:17:07 IST" duration-ms="40358">
    <groups>
    </groups>
    <test started-at="2025-04-16T16:16:26 IST" name="Default test" finished-at="2025-04-16T16:17:07 IST" duration-ms="40358">
      <class name="com.test.qa.Dataprovider.Datafrom_excelclass_Ex_07">
        <test-method signature="testdatafrom_excel_DPclass(java.lang.String,java.lang.String)[pri:0, instance:com.test.qa.Dataprovider.Datafrom_excelclass_Ex_07@6f43c82]" started-at="2025-04-16T16:16:28 IST" name="testdatafrom_excel_DPclass" data-provider="Logindata" finished-at="2025-04-16T16:16:46 IST" duration-ms="18062" status="PASS">
          <params>
            <param index="0">
              <value>
                <![CDATA[Admin]]>
              </value>
            </param>
            <param index="1">
              <value>
                <![CDATA[Admin222]]>
              </value>
            </param>
          </params>
          <reporter-output>
          </reporter-output>
        </test-method> <!-- testdatafrom_excel_DPclass -->
        <test-method signature="testdatafrom_excel_DPclass(java.lang.String,java.lang.String)[pri:0, instance:com.test.qa.Dataprovider.Datafrom_excelclass_Ex_07@6f43c82]" started-at="2025-04-16T16:16:46 IST" name="testdatafrom_excel_DPclass" data-provider="Logindata" finished-at="2025-04-16T16:16:58 IST" duration-ms="11751" status="PASS">
          <params>
            <param index="0">
              <value>
                <![CDATA[Admin1]]>
              </value>
            </param>
            <param index="1">
              <value>
                <![CDATA[admin123]]>
              </value>
            </param>
          </params>
          <reporter-output>
          </reporter-output>
        </test-method> <!-- testdatafrom_excel_DPclass -->
        <test-method signature="testdatafrom_excel_DPclass(java.lang.String,java.lang.String)[pri:0, instance:com.test.qa.Dataprovider.Datafrom_excelclass_Ex_07@6f43c82]" started-at="2025-04-16T16:16:58 IST" name="testdatafrom_excel_DPclass" data-provider="Logindata" finished-at="2025-04-16T16:17:07 IST" duration-ms="8460" status="PASS">
          <params>
            <param index="0">
              <value>
                <![CDATA[Admin]]>
              </value>
            </param>
            <param index="1">
              <value>
                <![CDATA[admin123]]>
              </value>
            </param>
          </params>
          <reporter-output>
          </reporter-output>
        </test-method> <!-- testdatafrom_excel_DPclass -->
      </class> <!-- com.test.qa.Dataprovider.Datafrom_excelclass_Ex_07 -->
    </test> <!-- Default test -->
  </suite> <!-- Default suite -->
</testng-results>
