<?xml version="1.0" encoding="UTF-8"?>
<testng-results ignored="1" total="4" passed="3" failed="0" skipped="0">
  <reporter-output>
  </reporter-output>
  <suite started-at="2025-05-15T23:19:27 IST" name="Default suite" finished-at="2025-05-15T23:20:01 IST" duration-ms="34790">
    <groups>
    </groups>
    <test started-at="2025-05-15T23:19:27 IST" name="Default test" finished-at="2025-05-15T23:20:01 IST" duration-ms="34790">
      <class name="com.test.qa.JavaScriptExecutor.movetoelementandscrollup">
        <test-method signature="TC2_MovetoElement()[pri:0, instance:com.test.qa.JavaScriptExecutor.movetoelementandscrollup@20b2475a]" started-at="2025-05-15T23:19:27 IST" name="TC2_MovetoElement" finished-at="2025-05-15T23:19:48 IST" duration-ms="21122" status="PASS">
          <reporter-output>
          </reporter-output>
        </test-method> <!-- TC2_MovetoElement -->
        <test-method signature="TC3_MovetoPageEnd()[pri:0, instance:com.test.qa.JavaScriptExecutor.movetoelementandscrollup@20b2475a]" started-at="2025-05-15T23:19:48 IST" name="TC3_MovetoPageEnd" finished-at="2025-05-15T23:20:01 IST" duration-ms="13397" status="PASS">
          <reporter-output>
          </reporter-output>
        </test-method> <!-- TC3_MovetoPageEnd -->
        <test-method signature="TC4_HandleAlert()[pri:0, instance:com.test.qa.JavaScriptExecutor.movetoelementandscrollup@20b2475a]" started-at="2025-05-15T23:20:01 IST" name="TC4_HandleAlert" finished-at="2025-05-15T23:20:01 IST" duration-ms="6" status="PASS">
          <reporter-output>
          </reporter-output>
        </test-method> <!-- TC4_HandleAlert -->
      </class> <!-- com.test.qa.JavaScriptExecutor.movetoelementandscrollup -->
    </test> <!-- Default test -->
  </suite> <!-- Default suite -->
</testng-results>
