<?xml version="1.0" encoding="UTF-8"?>
<!-- Generated by org.testng.reporters.JUnitXMLReporter -->
<testsuite ignored="1" hostname="Jhansi29" failures="0" tests="2" name="Testing_how_to_handle_alerts" time="14.098" errors="0" timestamp="2025-03-07T00:50:57 IST">
  <testcase classname="com.test.qa.handling_alerts" name="Handling_SimpleAlert" time="5.285"/>
  <testcase classname="com.test.qa.handling_alerts" name="Handling_SimpleAlert_withEplicitWait" time="3.173"/>
  <testcase classname="com.test.qa.handling_alerts" name="Handling_SimpleAlert_WithJSExecutor" time="0.0">
    <ignored/>
  </testcase> <!-- Handling_SimpleAlert_WithJSExecutor -->
</testsuite> <!-- Testing_how_to_handle_alerts -->
