<?xml version="1.0" encoding="UTF-8"?>
<!-- Generated by org.testng.reporters.JUnitXMLReporter -->
<testsuite ignored="0" hostname="Jhansi29" failures="0" tests="2" name="Testing_how_to_handle_Asserts" time="15.604" errors="0" timestamp="2025-03-16T15:53:25 IST">
  <testcase classname="com.test.qa.tests.Assert_handling" name="Handling_Assertions_hard" time="5.752"/>
  <testcase classname="com.test.qa.tests.Assert_handling" name="Handling_Assertions_soft" time="3.977"/>
</testsuite> <!-- Testing_how_to_handle_Asserts -->
